<?xml version="1.0" encoding="UTF-8"?>
<!-- Generated by org.testng.reporters.JUnitXMLReporter -->
<testsuite ignored="3" hostname="Abhi" failures="0" tests="18" name="AutomationTesting" time="285.854" errors="0" timestamp="2023-03-02T09:10:29 IST">
  <testcase classname="com.at.qa.testcases.AtHomePageTest" name="verifyAtHomePageTitleTest" time="0.021"/>
  <testcase classname="com.at.qa.testcases.AtHomePageTest" name="verifyvisImageTest" time="0.195"/>
  <testcase classname="com.at.qa.testcases.AtHomePageTest" name="verifyvislogOutKeyTest" time="0.054"/>
  <testcase classname="com.at.qa.testcases.AtHomePageTest" name="verifyvissiteLogoTest" time="0.061"/>
  <testcase classname="com.at.qa.testcases.AtHomePageTest" name="verifyvissearchBoxTest" time="0.122"/>
  <testcase classname="com.at.qa.testcases.AtHomePageTest" name="verifyvissubscrbBtnTest" time="0.322"/>
  <testcase classname="com.at.qa.testcases.AtHomePageTest" name="verifyclickOndemoSiteTest" time="0.472"/>
  <testcase classname="com.at.qa.testcases.AtLoginPageTest" name="auImageTest" time="0.079"/>
  <testcase classname="com.at.qa.testcases.AtLoginPageTest" name="visibleTestCasesTest" time="0.093"/>
  <testcase classname="com.at.qa.testcases.AtLoginPageTest" name="loginKeyTest" time="0.06"/>
  <testcase classname="com.at.qa.testcases.AtLoginPageTest" name="LoginTest" time="5.44"/>
  <testcase classname="com.at.qa.testcases.DemoSiteTest" name="verifyregKeyTest" time="9.83"/>
  <testcase classname="com.at.qa.testcases.DemoSiteTest" name="verifysbBtnTest" time="7.046"/>
  <testcase classname="com.at.qa.testcases.DemoSiteTest" name="verifyrefBtnTest" time="4.425"/>
  <testcase classname="com.at.qa.testcases.DemoSiteTest" name="validateNewRegister" time="8.037"/>
  <testcase classname="com.at.qa.testcases.DemoSiteTest" name="validateNewRegister" time="8.19"/>
  <testcase classname="com.at.qa.testcases.DemoSiteTest" name="validateNewRegister" time="7.894"/>
  <testcase classname="com.at.qa.testcases.DemoSiteTest" name="validateNewRegister" time="4.475"/>
  <testcase classname="com.at.qa.testcases.AtHomePageTest" name="verifyclickOnacDetailsTest" time="0.0">
    <ignored/>
  </testcase> <!-- verifyclickOnacDetailsTest -->
  <testcase classname="com.at.qa.testcases.AtHomePageTest" name="verifyclickOnOrderKeyTest" time="0.0">
    <ignored/>
  </testcase> <!-- verifyclickOnOrderKeyTest -->
  <testcase classname="com.at.qa.testcases.AtHomePageTest" name="verifyclickOnaddressKeyTest" time="0.0">
    <ignored/>
  </testcase> <!-- verifyclickOnaddressKeyTest -->
</testsuite> <!-- AutomationTesting -->
