<?xml version="1.0" encoding="UTF-8"?>
<testng-results ignored="3" total="21" passed="18" failed="0" skipped="0">
  <reporter-output>
  </reporter-output>
  <suite started-at="2023-03-02T09:05:43 IST" name="MyAutomationTesting" finished-at="2023-03-02T09:10:29 IST" duration-ms="285854">
    <groups>
    </groups>
    <test started-at="2023-03-02T09:05:43 IST" name="AutomationTesting" finished-at="2023-03-02T09:10:29 IST" duration-ms="285854">
      <class name="com.at.qa.testcases.AtLoginPageTest">
        <test-method is-config="true" signature="setUp()[pri:0, instance:com.at.qa.testcases.AtLoginPageTest@73e9cf30]" started-at="2023-03-02T09:07:46 IST" name="setUp" finished-at="2023-03-02T09:07:53 IST" duration-ms="6777" status="PASS">
          <reporter-output>
          </reporter-output>
        </test-method> <!-- setUp -->
        <test-method signature="auImageTest()[pri:1, instance:com.at.qa.testcases.AtLoginPageTest@73e9cf30]" started-at="2023-03-02T09:07:53 IST" name="auImageTest" finished-at="2023-03-02T09:07:53 IST" duration-ms="79" status="PASS">
          <reporter-output>
          </reporter-output>
        </test-method> <!-- auImageTest -->
        <test-method is-config="true" signature="tearDown()[pri:0, instance:com.at.qa.testcases.AtLoginPageTest@73e9cf30]" started-at="2023-03-02T09:07:53 IST" name="tearDown" finished-at="2023-03-02T09:07:54 IST" duration-ms="691" status="PASS">
          <reporter-output>
          </reporter-output>
        </test-method> <!-- tearDown -->
        <test-method is-config="true" signature="setUp()[pri:0, instance:com.at.qa.testcases.AtLoginPageTest@73e9cf30]" started-at="2023-03-02T09:07:54 IST" name="setUp" finished-at="2023-03-02T09:07:59 IST" duration-ms="5679" status="PASS">
          <reporter-output>
          </reporter-output>
        </test-method> <!-- setUp -->
        <test-method signature="visibleTestCasesTest()[pri:2, instance:com.at.qa.testcases.AtLoginPageTest@73e9cf30]" started-at="2023-03-02T09:07:59 IST" name="visibleTestCasesTest" finished-at="2023-03-02T09:08:00 IST" duration-ms="93" status="PASS">
          <reporter-output>
          </reporter-output>
        </test-method> <!-- visibleTestCasesTest -->
        <test-method is-config="true" signature="tearDown()[pri:0, instance:com.at.qa.testcases.AtLoginPageTest@73e9cf30]" started-at="2023-03-02T09:08:00 IST" name="tearDown" finished-at="2023-03-02T09:08:00 IST" duration-ms="670" status="PASS">
          <reporter-output>
          </reporter-output>
        </test-method> <!-- tearDown -->
        <test-method is-config="true" signature="setUp()[pri:0, instance:com.at.qa.testcases.AtLoginPageTest@73e9cf30]" started-at="2023-03-02T09:08:00 IST" name="setUp" finished-at="2023-03-02T09:08:06 IST" duration-ms="5972" status="PASS">
          <reporter-output>
          </reporter-output>
        </test-method> <!-- setUp -->
        <test-method signature="loginKeyTest()[pri:3, instance:com.at.qa.testcases.AtLoginPageTest@73e9cf30]" started-at="2023-03-02T09:08:06 IST" name="loginKeyTest" finished-at="2023-03-02T09:08:06 IST" duration-ms="60" status="PASS">
          <reporter-output>
          </reporter-output>
        </test-method> <!-- loginKeyTest -->
        <test-method is-config="true" signature="tearDown()[pri:0, instance:com.at.qa.testcases.AtLoginPageTest@73e9cf30]" started-at="2023-03-02T09:08:06 IST" name="tearDown" finished-at="2023-03-02T09:08:07 IST" duration-ms="676" status="PASS">
          <reporter-output>
          </reporter-output>
        </test-method> <!-- tearDown -->
        <test-method is-config="true" signature="setUp()[pri:0, instance:com.at.qa.testcases.AtLoginPageTest@73e9cf30]" started-at="2023-03-02T09:08:07 IST" name="setUp" finished-at="2023-03-02T09:08:13 IST" duration-ms="5674" status="PASS">
          <reporter-output>
          </reporter-output>
        </test-method> <!-- setUp -->
        <test-method signature="LoginTest()[pri:4, instance:com.at.qa.testcases.AtLoginPageTest@73e9cf30]" started-at="2023-03-02T09:08:13 IST" name="LoginTest" finished-at="2023-03-02T09:08:18 IST" duration-ms="5440" status="PASS">
          <reporter-output>
          </reporter-output>
        </test-method> <!-- LoginTest -->
        <test-method is-config="true" signature="tearDown()[pri:0, instance:com.at.qa.testcases.AtLoginPageTest@73e9cf30]" started-at="2023-03-02T09:08:18 IST" name="tearDown" finished-at="2023-03-02T09:08:19 IST" duration-ms="717" status="PASS">
          <reporter-output>
          </reporter-output>
        </test-method> <!-- tearDown -->
      </class> <!-- com.at.qa.testcases.AtLoginPageTest -->
      <class name="com.at.qa.testcases.AtHomePageTest">
        <test-method is-config="true" signature="setUp()[pri:0, instance:com.at.qa.testcases.AtHomePageTest@f0da945]" started-at="2023-03-02T09:05:43 IST" name="setUp" finished-at="2023-03-02T09:06:32 IST" duration-ms="48851" status="PASS">
          <reporter-output>
          </reporter-output>
        </test-method> <!-- setUp -->
        <test-method signature="verifyAtHomePageTitleTest()[pri:1, instance:com.at.qa.testcases.AtHomePageTest@f0da945]" started-at="2023-03-02T09:06:32 IST" name="verifyAtHomePageTitleTest" finished-at="2023-03-02T09:06:32 IST" duration-ms="21" status="PASS">
          <reporter-output>
          </reporter-output>
        </test-method> <!-- verifyAtHomePageTitleTest -->
        <test-method is-config="true" signature="tearDown()[pri:0, instance:com.at.qa.testcases.AtHomePageTest@f0da945]" started-at="2023-03-02T09:06:32 IST" name="tearDown" finished-at="2023-03-02T09:06:34 IST" duration-ms="2224" status="PASS">
          <reporter-output>
          </reporter-output>
        </test-method> <!-- tearDown -->
        <test-method is-config="true" signature="setUp()[pri:0, instance:com.at.qa.testcases.AtHomePageTest@f0da945]" started-at="2023-03-02T09:06:34 IST" name="setUp" finished-at="2023-03-02T09:06:45 IST" duration-ms="11050" status="PASS">
          <reporter-output>
          </reporter-output>
        </test-method> <!-- setUp -->
        <test-method signature="verifyvisImageTest()[pri:2, instance:com.at.qa.testcases.AtHomePageTest@f0da945]" started-at="2023-03-02T09:06:45 IST" name="verifyvisImageTest" finished-at="2023-03-02T09:06:45 IST" duration-ms="195" status="PASS">
          <reporter-output>
          </reporter-output>
        </test-method> <!-- verifyvisImageTest -->
        <test-method is-config="true" signature="tearDown()[pri:0, instance:com.at.qa.testcases.AtHomePageTest@f0da945]" started-at="2023-03-02T09:06:45 IST" name="tearDown" finished-at="2023-03-02T09:06:46 IST" duration-ms="862" status="PASS">
          <reporter-output>
          </reporter-output>
        </test-method> <!-- tearDown -->
        <test-method is-config="true" signature="setUp()[pri:0, instance:com.at.qa.testcases.AtHomePageTest@f0da945]" started-at="2023-03-02T09:06:46 IST" name="setUp" finished-at="2023-03-02T09:06:57 IST" duration-ms="10720" status="PASS">
          <reporter-output>
          </reporter-output>
        </test-method> <!-- setUp -->
        <test-method signature="verifyvislogOutKeyTest()[pri:3, instance:com.at.qa.testcases.AtHomePageTest@f0da945]" started-at="2023-03-02T09:06:57 IST" name="verifyvislogOutKeyTest" finished-at="2023-03-02T09:06:57 IST" duration-ms="54" status="PASS">
          <reporter-output>
          </reporter-output>
        </test-method> <!-- verifyvislogOutKeyTest -->
        <test-method is-config="true" signature="tearDown()[pri:0, instance:com.at.qa.testcases.AtHomePageTest@f0da945]" started-at="2023-03-02T09:06:57 IST" name="tearDown" finished-at="2023-03-02T09:06:58 IST" duration-ms="721" status="PASS">
          <reporter-output>
          </reporter-output>
        </test-method> <!-- tearDown -->
        <test-method is-config="true" signature="setUp()[pri:0, instance:com.at.qa.testcases.AtHomePageTest@f0da945]" started-at="2023-03-02T09:06:58 IST" name="setUp" finished-at="2023-03-02T09:07:16 IST" duration-ms="17651" status="PASS">
          <reporter-output>
          </reporter-output>
        </test-method> <!-- setUp -->
        <test-method signature="verifyvissiteLogoTest()[pri:4, instance:com.at.qa.testcases.AtHomePageTest@f0da945]" started-at="2023-03-02T09:07:16 IST" name="verifyvissiteLogoTest" finished-at="2023-03-02T09:07:16 IST" duration-ms="61" status="PASS">
          <reporter-output>
          </reporter-output>
        </test-method> <!-- verifyvissiteLogoTest -->
        <test-method is-config="true" signature="tearDown()[pri:0, instance:com.at.qa.testcases.AtHomePageTest@f0da945]" started-at="2023-03-02T09:07:16 IST" name="tearDown" finished-at="2023-03-02T09:07:16 IST" duration-ms="675" status="PASS">
          <reporter-output>
          </reporter-output>
        </test-method> <!-- tearDown -->
        <test-method is-config="true" signature="setUp()[pri:0, instance:com.at.qa.testcases.AtHomePageTest@f0da945]" started-at="2023-03-02T09:07:16 IST" name="setUp" finished-at="2023-03-02T09:07:25 IST" duration-ms="8938" status="PASS">
          <reporter-output>
          </reporter-output>
        </test-method> <!-- setUp -->
        <test-method signature="verifyvissearchBoxTest()[pri:5, instance:com.at.qa.testcases.AtHomePageTest@f0da945]" started-at="2023-03-02T09:07:25 IST" name="verifyvissearchBoxTest" finished-at="2023-03-02T09:07:25 IST" duration-ms="122" status="PASS">
          <reporter-output>
          </reporter-output>
        </test-method> <!-- verifyvissearchBoxTest -->
        <test-method is-config="true" signature="tearDown()[pri:0, instance:com.at.qa.testcases.AtHomePageTest@f0da945]" started-at="2023-03-02T09:07:25 IST" name="tearDown" finished-at="2023-03-02T09:07:26 IST" duration-ms="858" status="PASS">
          <reporter-output>
          </reporter-output>
        </test-method> <!-- tearDown -->
        <test-method is-config="true" signature="setUp()[pri:0, instance:com.at.qa.testcases.AtHomePageTest@f0da945]" started-at="2023-03-02T09:07:26 IST" name="setUp" finished-at="2023-03-02T09:07:35 IST" duration-ms="8352" status="PASS">
          <reporter-output>
          </reporter-output>
        </test-method> <!-- setUp -->
        <test-method signature="verifyvissubscrbBtnTest()[pri:6, instance:com.at.qa.testcases.AtHomePageTest@f0da945]" started-at="2023-03-02T09:07:35 IST" name="verifyvissubscrbBtnTest" finished-at="2023-03-02T09:07:35 IST" duration-ms="322" status="PASS">
          <reporter-output>
          </reporter-output>
        </test-method> <!-- verifyvissubscrbBtnTest -->
        <test-method is-config="true" signature="tearDown()[pri:0, instance:com.at.qa.testcases.AtHomePageTest@f0da945]" started-at="2023-03-02T09:07:35 IST" name="tearDown" finished-at="2023-03-02T09:07:36 IST" duration-ms="697" status="PASS">
          <reporter-output>
          </reporter-output>
        </test-method> <!-- tearDown -->
        <test-method is-config="true" signature="setUp()[pri:0, instance:com.at.qa.testcases.AtHomePageTest@f0da945]" started-at="2023-03-02T09:07:36 IST" name="setUp" finished-at="2023-03-02T09:07:45 IST" duration-ms="9464" status="PASS">
          <reporter-output>
          </reporter-output>
        </test-method> <!-- setUp -->
        <test-method signature="verifyclickOndemoSiteTest()[pri:10, instance:com.at.qa.testcases.AtHomePageTest@f0da945]" started-at="2023-03-02T09:07:45 IST" name="verifyclickOndemoSiteTest" finished-at="2023-03-02T09:07:45 IST" duration-ms="472" status="PASS">
          <reporter-output>
          </reporter-output>
        </test-method> <!-- verifyclickOndemoSiteTest -->
        <test-method is-config="true" signature="tearDown()[pri:0, instance:com.at.qa.testcases.AtHomePageTest@f0da945]" started-at="2023-03-02T09:07:45 IST" name="tearDown" finished-at="2023-03-02T09:07:46 IST" duration-ms="780" status="PASS">
          <reporter-output>
          </reporter-output>
        </test-method> <!-- tearDown -->
      </class> <!-- com.at.qa.testcases.AtHomePageTest -->
      <class name="com.at.qa.testcases.DemoSiteTest">
        <test-method is-config="true" signature="setUp()[pri:0, instance:com.at.qa.testcases.DemoSiteTest@771a660]" started-at="2023-03-02T09:08:19 IST" name="setUp" finished-at="2023-03-02T09:08:29 IST" duration-ms="9841" status="PASS">
          <reporter-output>
          </reporter-output>
        </test-method> <!-- setUp -->
        <test-method signature="verifyregKeyTest()[pri:1, instance:com.at.qa.testcases.DemoSiteTest@771a660]" started-at="2023-03-02T09:08:29 IST" name="verifyregKeyTest" finished-at="2023-03-02T09:08:38 IST" duration-ms="9830" status="PASS">
          <reporter-output>
          </reporter-output>
        </test-method> <!-- verifyregKeyTest -->
        <test-method is-config="true" signature="tearDown()[pri:0, instance:com.at.qa.testcases.DemoSiteTest@771a660]" started-at="2023-03-02T09:08:38 IST" name="tearDown" finished-at="2023-03-02T09:08:39 IST" duration-ms="999" status="PASS">
          <reporter-output>
          </reporter-output>
        </test-method> <!-- tearDown -->
        <test-method is-config="true" signature="setUp()[pri:0, instance:com.at.qa.testcases.DemoSiteTest@771a660]" started-at="2023-03-02T09:08:39 IST" name="setUp" finished-at="2023-03-02T09:08:51 IST" duration-ms="11355" status="PASS">
          <reporter-output>
          </reporter-output>
        </test-method> <!-- setUp -->
        <test-method signature="verifysbBtnTest()[pri:2, instance:com.at.qa.testcases.DemoSiteTest@771a660]" started-at="2023-03-02T09:08:51 IST" name="verifysbBtnTest" finished-at="2023-03-02T09:08:58 IST" duration-ms="7046" status="PASS">
          <reporter-output>
          </reporter-output>
        </test-method> <!-- verifysbBtnTest -->
        <test-method is-config="true" signature="tearDown()[pri:0, instance:com.at.qa.testcases.DemoSiteTest@771a660]" started-at="2023-03-02T09:08:58 IST" name="tearDown" finished-at="2023-03-02T09:08:59 IST" duration-ms="757" status="PASS">
          <reporter-output>
          </reporter-output>
        </test-method> <!-- tearDown -->
        <test-method is-config="true" signature="setUp()[pri:0, instance:com.at.qa.testcases.DemoSiteTest@771a660]" started-at="2023-03-02T09:08:59 IST" name="setUp" finished-at="2023-03-02T09:09:08 IST" duration-ms="9639" status="PASS">
          <reporter-output>
          </reporter-output>
        </test-method> <!-- setUp -->
        <test-method signature="verifyrefBtnTest()[pri:3, instance:com.at.qa.testcases.DemoSiteTest@771a660]" started-at="2023-03-02T09:09:08 IST" name="verifyrefBtnTest" finished-at="2023-03-02T09:09:13 IST" duration-ms="4425" status="PASS">
          <reporter-output>
          </reporter-output>
        </test-method> <!-- verifyrefBtnTest -->
        <test-method is-config="true" signature="tearDown()[pri:0, instance:com.at.qa.testcases.DemoSiteTest@771a660]" started-at="2023-03-02T09:09:13 IST" name="tearDown" finished-at="2023-03-02T09:09:13 IST" duration-ms="686" status="PASS">
          <reporter-output>
          </reporter-output>
        </test-method> <!-- tearDown -->
        <test-method is-config="true" signature="setUp()[pri:0, instance:com.at.qa.testcases.DemoSiteTest@771a660]" started-at="2023-03-02T09:09:15 IST" name="setUp" finished-at="2023-03-02T09:09:26 IST" duration-ms="10532" status="PASS">
          <reporter-output>
          </reporter-output>
        </test-method> <!-- setUp -->
        <test-method signature="validateNewRegister(java.lang.String,java.lang.String,java.lang.String,java.lang.String)[pri:4, instance:com.at.qa.testcases.DemoSiteTest@771a660]" started-at="2023-03-02T09:09:26 IST" name="validateNewRegister" data-provider="getExcelData" finished-at="2023-03-02T09:09:34 IST" duration-ms="8037" status="PASS">
          <params>
            <param index="0">
              <value>
                <![CDATA[Amar]]>
              </value>
            </param>
            <param index="1">
              <value>
                <![CDATA[Yadaw]]>
              </value>
            </param>
            <param index="2">
              <value>
                <![CDATA[wert@gmail.com]]>
              </value>
            </param>
            <param index="3">
              <value>
                <![CDATA[4.5746445E7]]>
              </value>
            </param>
          </params>
          <reporter-output>
          </reporter-output>
        </test-method> <!-- validateNewRegister -->
        <test-method is-config="true" signature="tearDown()[pri:0, instance:com.at.qa.testcases.DemoSiteTest@771a660]" started-at="2023-03-02T09:09:34 IST" name="tearDown" finished-at="2023-03-02T09:09:34 IST" duration-ms="775" status="PASS">
          <reporter-output>
          </reporter-output>
        </test-method> <!-- tearDown -->
        <test-method is-config="true" signature="setUp()[pri:0, instance:com.at.qa.testcases.DemoSiteTest@771a660]" started-at="2023-03-02T09:09:34 IST" name="setUp" finished-at="2023-03-02T09:09:44 IST" duration-ms="9335" status="PASS">
          <reporter-output>
          </reporter-output>
        </test-method> <!-- setUp -->
        <test-method signature="validateNewRegister(java.lang.String,java.lang.String,java.lang.String,java.lang.String)[pri:4, instance:com.at.qa.testcases.DemoSiteTest@771a660]" started-at="2023-03-02T09:09:44 IST" name="validateNewRegister" data-provider="getExcelData" finished-at="2023-03-02T09:09:52 IST" duration-ms="8190" status="PASS">
          <params>
            <param index="0">
              <value>
                <![CDATA[Ajit]]>
              </value>
            </param>
            <param index="1">
              <value>
                <![CDATA[Singh]]>
              </value>
            </param>
            <param index="2">
              <value>
                <![CDATA[as@gmail.com]]>
              </value>
            </param>
            <param index="3">
              <value>
                <![CDATA[4.7848145E7]]>
              </value>
            </param>
          </params>
          <reporter-output>
          </reporter-output>
        </test-method> <!-- validateNewRegister -->
        <test-method is-config="true" signature="tearDown()[pri:0, instance:com.at.qa.testcases.DemoSiteTest@771a660]" started-at="2023-03-02T09:09:52 IST" name="tearDown" finished-at="2023-03-02T09:09:53 IST" duration-ms="727" status="PASS">
          <reporter-output>
          </reporter-output>
        </test-method> <!-- tearDown -->
        <test-method is-config="true" signature="setUp()[pri:0, instance:com.at.qa.testcases.DemoSiteTest@771a660]" started-at="2023-03-02T09:09:53 IST" name="setUp" finished-at="2023-03-02T09:10:04 IST" duration-ms="11545" status="PASS">
          <reporter-output>
          </reporter-output>
        </test-method> <!-- setUp -->
        <test-method signature="validateNewRegister(java.lang.String,java.lang.String,java.lang.String,java.lang.String)[pri:4, instance:com.at.qa.testcases.DemoSiteTest@771a660]" started-at="2023-03-02T09:10:04 IST" name="validateNewRegister" data-provider="getExcelData" finished-at="2023-03-02T09:10:12 IST" duration-ms="7894" status="PASS">
          <params>
            <param index="0">
              <value>
                <![CDATA[Amit]]>
              </value>
            </param>
            <param index="1">
              <value>
                <![CDATA[Kumar]]>
              </value>
            </param>
            <param index="2">
              <value>
                <![CDATA[ak@gmail.com]]>
              </value>
            </param>
            <param index="3">
              <value>
                <![CDATA[4.7551475E7]]>
              </value>
            </param>
          </params>
          <reporter-output>
          </reporter-output>
        </test-method> <!-- validateNewRegister -->
        <test-method is-config="true" signature="tearDown()[pri:0, instance:com.at.qa.testcases.DemoSiteTest@771a660]" started-at="2023-03-02T09:10:12 IST" name="tearDown" finished-at="2023-03-02T09:10:13 IST" duration-ms="726" status="PASS">
          <reporter-output>
          </reporter-output>
        </test-method> <!-- tearDown -->
        <test-method is-config="true" signature="setUp()[pri:0, instance:com.at.qa.testcases.DemoSiteTest@771a660]" started-at="2023-03-02T09:10:13 IST" name="setUp" finished-at="2023-03-02T09:10:24 IST" duration-ms="10785" status="PASS">
          <reporter-output>
          </reporter-output>
        </test-method> <!-- setUp -->
        <test-method signature="validateNewRegister(java.lang.String,java.lang.String,java.lang.String,java.lang.String)[pri:4, instance:com.at.qa.testcases.DemoSiteTest@771a660]" started-at="2023-03-02T09:10:24 IST" name="validateNewRegister" data-provider="getExcelData" finished-at="2023-03-02T09:10:28 IST" duration-ms="4475" status="PASS">
          <params>
            <param index="0">
              <value>
                <![CDATA[Anil]]>
              </value>
            </param>
            <param index="1">
              <value>
                <![CDATA[Kumar]]>
              </value>
            </param>
            <param index="2">
              <value>
                <![CDATA[ak@gmail.com]]>
              </value>
            </param>
            <param index="3">
              <value>
                <![CDATA[4.5471155E7]]>
              </value>
            </param>
          </params>
          <reporter-output>
          </reporter-output>
        </test-method> <!-- validateNewRegister -->
        <test-method is-config="true" signature="tearDown()[pri:0, instance:com.at.qa.testcases.DemoSiteTest@771a660]" started-at="2023-03-02T09:10:28 IST" name="tearDown" finished-at="2023-03-02T09:10:29 IST" duration-ms="758" status="PASS">
          <reporter-output>
          </reporter-output>
        </test-method> <!-- tearDown -->
      </class> <!-- com.at.qa.testcases.DemoSiteTest -->
    </test> <!-- AutomationTesting -->
  </suite> <!-- MyAutomationTesting -->
</testng-results>
